<?xml version="1.0" encoding="UTF-8"?>
<testng-results ignored="0" total="1" passed="1" failed="0" skipped="0">
  <reporter-output>
  </reporter-output>
  <suite started-at="2024-03-23T12:57:58 IST" name="Default suite" finished-at="2024-03-23T12:58:23 IST" duration-ms="25188">
    <groups>
    </groups>
    <test started-at="2024-03-23T12:57:58 IST" name="Default test" finished-at="2024-03-23T12:58:23 IST" duration-ms="25188">
      <class name="Meeshotest.Meshotest">
        <test-method is-config="true" signature="setUp()[pri:0, instance:Meeshotest.Meshotest@3e27aa33]" started-at="2024-03-23T12:57:58 IST" name="setUp" finished-at="2024-03-23T12:58:23 IST" duration-ms="25049" status="PASS">
          <reporter-output>
          </reporter-output>
        </test-method> <!-- setUp -->
        <test-method signature="verifylogin()[pri:0, instance:Meeshotest.Meshotest@3e27aa33]" started-at="2024-03-23T12:58:23 IST" name="verifylogin" finished-at="2024-03-23T12:58:23 IST" duration-ms="58" status="PASS">
          <reporter-output>
          </reporter-output>
        </test-method> <!-- verifylogin -->
        <test-method is-config="true" signature="meeshoo()[pri:0, instance:Meeshotest.Meshotest@3e27aa33]" started-at="2024-03-23T12:58:23 IST" name="meeshoo" finished-at="2024-03-23T12:58:23 IST" duration-ms="1" status="PASS">
          <reporter-output>
          </reporter-output>
        </test-method> <!-- meeshoo -->
      </class> <!-- Meeshotest.Meshotest -->
    </test> <!-- Default test -->
  </suite> <!-- Default suite -->
</testng-results>
